[2022-02-08T16:54:29.656] [DEBUG] cheese - login => username:zs,password:123456
[2022-02-08T16:54:29.657] [DEBUG] cheese - zs
[2022-02-08T16:54:29.663] [DEBUG] cheese - null
[2022-02-08T16:54:29.664] [DEBUG] cheese - null
[2022-02-08T17:04:46.347] [DEBUG] cheese - login => username:admin,password:123456
[2022-02-08T17:04:46.347] [DEBUG] cheese - admin
[2022-02-08T17:04:46.350] [DEBUG] cheese - null
[2022-02-08T17:04:46.350] [DEBUG] cheese - null
[2022-02-08T17:09:30.504] [DEBUG] cheese - login => username:admin,password:123456
[2022-02-08T17:09:30.504] [DEBUG] cheese - admin
[2022-02-08T17:09:30.506] [DEBUG] cheese - null
[2022-02-08T17:09:30.506] [DEBUG] cheese - null
[2022-02-08T17:09:30.573] [DEBUG] cheese - login => username:admin,password:123456
[2022-02-08T17:09:30.573] [DEBUG] cheese - admin
[2022-02-08T17:09:30.575] [DEBUG] cheese - null
[2022-02-08T17:09:30.575] [DEBUG] cheese - null
[2022-02-08T18:15:57.771] [DEBUG] cheese - login => username:admin,password:123456
[2022-02-08T18:15:57.772] [DEBUG] cheese - admin
[2022-02-08T18:15:57.780] [DEBUG] cheese - null
[2022-02-08T18:15:57.780] [DEBUG] cheese - null
[2022-02-08T18:15:57.863] [DEBUG] cheese - login => username:admin,password:123456
[2022-02-08T18:15:57.864] [DEBUG] cheese - admin
[2022-02-08T18:15:57.865] [DEBUG] cheese - null
[2022-02-08T18:15:57.866] [DEBUG] cheese - null
[2022-02-09T00:08:32.177] [DEBUG] cheese - login => username:admin,password:123456
[2022-02-09T00:08:32.177] [DEBUG] cheese - admin
[2022-02-09T00:08:32.179] [DEBUG] cheese - null
[2022-02-09T00:08:32.179] [DEBUG] cheese - null
[2022-02-09T00:59:39.494] [DEBUG] cheese - login => username:admin,password:123456
[2022-02-09T00:59:39.494] [DEBUG] cheese - admin
[2022-02-09T00:59:39.497] [DEBUG] cheese - null
[2022-02-09T00:59:39.497] [DEBUG] cheese - null
[2022-02-09T01:03:31.569] [DEBUG] cheese - login => username:111,password:123
[2022-02-09T01:03:31.569] [DEBUG] cheese - 111
[2022-02-09T01:03:31.572] [DEBUG] cheese - null
[2022-02-09T01:03:31.572] [DEBUG] cheese - null
[2022-02-09T01:03:57.745] [DEBUG] cheese - login => username:111,password:123
[2022-02-09T01:03:57.745] [DEBUG] cheese - 111
[2022-02-09T01:03:57.746] [DEBUG] cheese - null
[2022-02-09T01:03:57.746] [DEBUG] cheese - null
[2022-02-09T01:04:26.735] [DEBUG] cheese - login => username:111,password:123
[2022-02-09T01:04:26.735] [DEBUG] cheese - 111
[2022-02-09T01:04:26.737] [DEBUG] cheese - null
[2022-02-09T01:04:26.737] [DEBUG] cheese - null
[2022-02-09T01:06:45.779] [DEBUG] cheese - login => username:111,password:222222
[2022-02-09T01:06:45.780] [DEBUG] cheese - 111
[2022-02-09T01:06:45.781] [DEBUG] cheese - null
[2022-02-09T01:06:45.781] [DEBUG] cheese - null
[2022-02-09T01:07:52.171] [DEBUG] cheese - login => username:111,password:111111
[2022-02-09T01:07:52.171] [DEBUG] cheese - 111
[2022-02-09T01:07:52.173] [DEBUG] cheese - null
[2022-02-09T01:07:52.173] [DEBUG] cheese - null
[2022-02-09T01:10:13.899] [DEBUG] cheese - login => username:111,password:111111
[2022-02-09T01:10:13.899] [DEBUG] cheese - 111
[2022-02-09T01:10:13.900] [DEBUG] cheese - null
[2022-02-09T01:10:13.901] [DEBUG] cheese - null
[2022-02-09T01:10:56.249] [DEBUG] cheese - login => username:111,password:111111
[2022-02-09T01:10:56.249] [DEBUG] cheese - 111
[2022-02-09T01:10:56.252] [DEBUG] cheese - null
[2022-02-09T01:10:56.252] [DEBUG] cheese - null
[2022-02-09T01:11:20.386] [DEBUG] cheese - login => username:admin,password:123456
[2022-02-09T01:11:20.386] [DEBUG] cheese - admin
[2022-02-09T01:11:20.388] [DEBUG] cheese - null
[2022-02-09T01:11:20.388] [DEBUG] cheese - null
[2022-02-09T12:41:18.002] [DEBUG] cheese - login => username:12346,password:111111
[2022-02-09T12:41:18.002] [DEBUG] cheese - 12346
[2022-02-09T12:41:18.007] [DEBUG] cheese - null
[2022-02-09T12:41:18.007] [DEBUG] cheese - null
[2022-02-09T12:41:27.554] [DEBUG] cheese - login => username:admin,password:123456
[2022-02-09T12:41:27.554] [DEBUG] cheese - admin
[2022-02-09T12:41:27.558] [DEBUG] cheese - null
[2022-02-09T12:41:27.558] [DEBUG] cheese - null
[2022-02-09T12:44:11.205] [DEBUG] cheese - login => username:admin,password:123456
[2022-02-09T12:44:11.206] [DEBUG] cheese - admin
[2022-02-09T12:44:11.210] [DEBUG] cheese - null
[2022-02-09T12:44:11.210] [DEBUG] cheese - null
[2022-02-09T12:48:10.070] [DEBUG] cheese - login => username:admin,password:123456
[2022-02-09T12:48:10.070] [DEBUG] cheese - admin
[2022-02-09T12:48:10.074] [DEBUG] cheese - null
[2022-02-09T12:48:10.074] [DEBUG] cheese - null
[2022-02-09T12:48:37.578] [DEBUG] cheese - login => username:admin,password:123456
[2022-02-09T12:48:37.578] [DEBUG] cheese - admin
[2022-02-09T12:48:37.582] [DEBUG] cheese - null
[2022-02-09T12:48:37.582] [DEBUG] cheese - null
[2022-02-09T12:49:13.526] [DEBUG] cheese - login => username:admin,password:123456
[2022-02-09T12:49:13.527] [DEBUG] cheese - admin
[2022-02-09T12:49:13.532] [DEBUG] cheese - null
[2022-02-09T12:49:13.532] [DEBUG] cheese - null
[2022-02-09T12:49:56.836] [DEBUG] cheese - login => username:admin,password:123456
[2022-02-09T12:49:56.837] [DEBUG] cheese - admin
[2022-02-09T12:49:56.841] [DEBUG] cheese - null
[2022-02-09T12:49:56.842] [DEBUG] cheese - null
[2022-02-09T12:49:56.983] [DEBUG] cheese - login => username:admin,password:123456
[2022-02-09T12:49:56.983] [DEBUG] cheese - admin
[2022-02-09T12:49:56.986] [DEBUG] cheese - null
[2022-02-09T12:49:56.986] [DEBUG] cheese - null
[2022-02-09T13:07:22.593] [DEBUG] cheese - login => username:admin,password:123456
[2022-02-09T13:07:22.593] [DEBUG] cheese - admin
[2022-02-09T13:07:22.598] [DEBUG] cheese - null
[2022-02-09T13:07:22.598] [DEBUG] cheese - null
[2022-02-09T13:11:05.362] [DEBUG] cheese - login => username:admin,password:123456
[2022-02-09T13:11:05.363] [DEBUG] cheese - admin
[2022-02-09T13:11:05.365] [DEBUG] cheese - null
[2022-02-09T13:11:05.366] [DEBUG] cheese - null
[2022-02-09T13:14:25.520] [DEBUG] cheese - login => username:admin,password:123456
[2022-02-09T13:14:25.520] [DEBUG] cheese - admin
[2022-02-09T13:14:25.525] [DEBUG] cheese - null
[2022-02-09T13:14:25.525] [DEBUG] cheese - null
[2022-02-09T13:51:37.517] [DEBUG] cheese - login => username:admin,password:123456
[2022-02-09T13:51:37.517] [DEBUG] cheese - admin
[2022-02-09T13:51:37.523] [DEBUG] cheese - null
[2022-02-09T13:51:37.523] [DEBUG] cheese - null
[2022-02-09T13:53:20.980] [DEBUG] cheese - login => username:admin,password:123456
[2022-02-09T13:53:20.980] [DEBUG] cheese - admin
[2022-02-09T13:53:20.985] [DEBUG] cheese - null
[2022-02-09T13:53:20.986] [DEBUG] cheese - null
[2022-02-09T13:54:40.270] [DEBUG] cheese - login => username:admin,password:123456
[2022-02-09T13:54:40.271] [DEBUG] cheese - admin
[2022-02-09T13:54:40.275] [DEBUG] cheese - null
[2022-02-09T13:54:40.275] [DEBUG] cheese - null
[2022-02-09T14:46:28.232] [DEBUG] cheese - login => username:admin,password:123456
[2022-02-09T14:46:28.233] [DEBUG] cheese - admin
[2022-02-09T14:46:28.236] [DEBUG] cheese - null
[2022-02-09T14:46:28.236] [DEBUG] cheese - null
[2022-02-09T14:49:48.865] [DEBUG] cheese - login => username:admin,password:123456
[2022-02-09T14:49:48.865] [DEBUG] cheese - admin
[2022-02-09T14:49:48.869] [DEBUG] cheese - null
[2022-02-09T14:49:48.870] [DEBUG] cheese - null
[2022-02-09T14:53:08.480] [DEBUG] cheese - login => username:admin,password:123456
[2022-02-09T14:53:08.480] [DEBUG] cheese - admin
[2022-02-09T14:53:08.483] [DEBUG] cheese - null
[2022-02-09T14:53:08.483] [DEBUG] cheese - null
[2022-02-09T14:55:13.357] [DEBUG] cheese - login => username:admin,password:123456
[2022-02-09T14:55:13.357] [DEBUG] cheese - admin
[2022-02-09T14:55:13.360] [DEBUG] cheese - null
[2022-02-09T14:55:13.360] [DEBUG] cheese - null
[2022-02-09T15:02:04.641] [DEBUG] cheese - login => username:admin,password:123456
[2022-02-09T15:02:04.641] [DEBUG] cheese - admin
[2022-02-09T15:02:04.645] [DEBUG] cheese - null
[2022-02-09T15:02:04.645] [DEBUG] cheese - null
[2022-02-09T15:03:21.711] [DEBUG] cheese - login => username:admin,password:123456
[2022-02-09T15:03:21.711] [DEBUG] cheese - admin
[2022-02-09T15:03:21.714] [DEBUG] cheese - null
[2022-02-09T15:03:21.715] [DEBUG] cheese - null
[2022-02-09T15:07:47.014] [DEBUG] cheese - login => username:admin,password:123456
[2022-02-09T15:07:47.014] [DEBUG] cheese - admin
[2022-02-09T15:07:47.018] [DEBUG] cheese - null
[2022-02-09T15:07:47.020] [DEBUG] cheese - null
[2022-02-09T22:47:36.843] [DEBUG] cheese - login => username:admin,password:123456
[2022-02-09T22:47:36.843] [DEBUG] cheese - admin
[2022-02-09T22:47:36.846] [DEBUG] cheese - null
[2022-02-09T22:47:36.846] [DEBUG] cheese - null
[2022-02-09T22:47:36.911] [DEBUG] cheese - login => username:admin,password:123456
[2022-02-09T22:47:36.911] [DEBUG] cheese - admin
[2022-02-09T22:47:36.914] [DEBUG] cheese - null
[2022-02-09T22:47:36.914] [DEBUG] cheese - null
[2022-02-09T22:48:26.247] [DEBUG] cheese - login => username:admin,password:123456
[2022-02-09T22:48:26.247] [DEBUG] cheese - admin
[2022-02-09T22:48:26.248] [DEBUG] cheese - null
[2022-02-09T22:48:26.248] [DEBUG] cheese - null
[2022-02-09T23:33:28.725] [DEBUG] cheese - login => username:admin111,password:123456
[2022-02-09T23:33:28.726] [DEBUG] cheese - admin111
[2022-02-09T23:33:28.727] [DEBUG] cheese - null
[2022-02-09T23:33:28.727] [DEBUG] cheese - null
[2022-02-09T23:33:28.736] [DEBUG] cheese - login => username:admin111,password:123456
[2022-02-09T23:33:28.736] [DEBUG] cheese - admin111
[2022-02-09T23:33:28.737] [DEBUG] cheese - null
[2022-02-09T23:33:28.737] [DEBUG] cheese - null
[2022-02-09T23:34:20.474] [DEBUG] cheese - login => username:11,password:111111
[2022-02-09T23:34:20.474] [DEBUG] cheese - 11
[2022-02-09T23:34:20.476] [DEBUG] cheese - null
[2022-02-09T23:34:20.476] [DEBUG] cheese - null
[2022-02-09T23:34:24.394] [DEBUG] cheese - login => username:11,password:111111
[2022-02-09T23:34:24.394] [DEBUG] cheese - 11
[2022-02-09T23:34:24.396] [DEBUG] cheese - null
[2022-02-09T23:34:24.396] [DEBUG] cheese - null
[2022-02-09T23:37:05.161] [DEBUG] cheese - login => username:admin,password:123456
[2022-02-09T23:37:05.163] [DEBUG] cheese - admin
[2022-02-09T23:37:05.172] [DEBUG] cheese - null
[2022-02-09T23:37:05.172] [DEBUG] cheese - null
[2022-02-09T23:45:22.004] [DEBUG] cheese - login => username:admin,password:123456
[2022-02-09T23:45:22.004] [DEBUG] cheese - admin
[2022-02-09T23:45:22.006] [DEBUG] cheese - null
[2022-02-09T23:45:22.006] [DEBUG] cheese - null
[2022-02-09T23:45:22.076] [DEBUG] cheese - login => username:admin,password:123456
[2022-02-09T23:45:22.077] [DEBUG] cheese - admin
[2022-02-09T23:45:22.079] [DEBUG] cheese - null
[2022-02-09T23:45:22.079] [DEBUG] cheese - null
[2022-02-10T02:54:15.324] [DEBUG] cheese - login => username:admin,password:123456
[2022-02-10T02:54:15.324] [DEBUG] cheese - admin
[2022-02-10T02:54:15.326] [DEBUG] cheese - null
[2022-02-10T02:54:15.326] [DEBUG] cheese - null
[2022-02-10T02:58:41.577] [DEBUG] cheese - login => username:admin,password:123456
[2022-02-10T02:58:41.577] [DEBUG] cheese - admin
[2022-02-10T02:58:41.578] [DEBUG] cheese - null
[2022-02-10T02:58:41.578] [DEBUG] cheese - null
[2022-02-10T03:07:55.499] [DEBUG] cheese - login => username:admin,password:123456
[2022-02-10T03:07:55.499] [DEBUG] cheese - admin
[2022-02-10T03:07:55.501] [DEBUG] cheese - null
[2022-02-10T03:07:55.502] [DEBUG] cheese - null
[2022-02-10T11:34:16.547] [DEBUG] cheese - login => username:1,password:123456
[2022-02-10T11:34:16.547] [DEBUG] cheese - 1
[2022-02-10T11:34:16.549] [DEBUG] cheese - null
[2022-02-10T11:34:16.549] [DEBUG] cheese - null
[2022-02-10T11:34:29.416] [DEBUG] cheese - login => username:admin,password:123456
[2022-02-10T11:34:29.416] [DEBUG] cheese - admin
[2022-02-10T11:34:29.418] [DEBUG] cheese - null
[2022-02-10T11:34:29.418] [DEBUG] cheese - null
[2022-02-10T13:15:00.536] [DEBUG] cheese - null
[2022-02-10T13:16:48.376] [DEBUG] cheese - null
[2022-02-10T13:17:58.223] [DEBUG] cheese - null
[2022-02-10T13:18:01.751] [DEBUG] cheese - null
[2022-02-10T13:18:04.282] [DEBUG] cheese - null
[2022-02-10T13:18:13.691] [DEBUG] cheese - null
[2022-02-10T13:18:27.056] [DEBUG] cheese - null
[2022-02-10T20:05:29.511] [DEBUG] cheese - null
[2022-02-10T20:22:07.887] [DEBUG] cheese - null
[2022-02-10T20:22:20.743] [DEBUG] cheese - null
[2022-02-11T00:15:13.709] [DEBUG] cheese - login => username:admin,password:123456
[2022-02-11T00:15:13.712] [DEBUG] cheese - admin
[2022-02-11T00:15:13.729] [DEBUG] cheese - null
[2022-02-11T00:15:13.730] [DEBUG] cheese - null
[2022-02-11T00:15:13.862] [DEBUG] cheese - login => username:admin,password:123456
[2022-02-11T00:15:13.863] [DEBUG] cheese - admin
[2022-02-11T00:15:13.865] [DEBUG] cheese - null
[2022-02-11T00:15:13.865] [DEBUG] cheese - null
[2022-02-11T01:34:38.667] [DEBUG] cheese - login => username:admin,password:123456
[2022-02-11T01:34:38.669] [DEBUG] cheese - admin
[2022-02-11T01:34:38.674] [DEBUG] cheese - null
[2022-02-11T01:34:38.675] [DEBUG] cheese - null
[2022-02-11T02:57:11.884] [DEBUG] cheese - null
[2022-02-11T02:57:48.446] [DEBUG] cheese - null
[2022-02-11T15:08:05.723] [DEBUG] cheese - login => username:admin,password:123456
[2022-02-11T15:08:05.725] [DEBUG] cheese - admin
[2022-02-11T15:08:05.730] [DEBUG] cheese - null
[2022-02-11T15:08:05.731] [DEBUG] cheese - null
[2022-02-11T17:30:15.249] [DEBUG] cheese - login => username:admin,password:123456
[2022-02-11T17:30:15.250] [DEBUG] cheese - admin
[2022-02-11T17:30:15.253] [DEBUG] cheese - null
[2022-02-11T17:30:15.253] [DEBUG] cheese - null
[2022-02-11T17:48:40.577] [DEBUG] cheese - login => username:admin,password:123456
[2022-02-11T17:48:40.577] [DEBUG] cheese - admin
[2022-02-11T17:48:40.578] [DEBUG] cheese - null
[2022-02-11T17:48:40.578] [DEBUG] cheese - null
[2022-02-11T21:39:27.610] [DEBUG] cheese - login => username:admin,password:123456
[2022-02-11T21:39:27.610] [DEBUG] cheese - admin
[2022-02-11T21:39:27.617] [DEBUG] cheese - null
[2022-02-11T21:39:27.617] [DEBUG] cheese - null
[2022-02-12T00:18:30.829] [DEBUG] cheese - login => username:admin,password:123456
[2022-02-12T00:18:30.831] [DEBUG] cheese - admin
[2022-02-12T00:18:30.836] [DEBUG] cheese - null
[2022-02-12T00:18:30.837] [DEBUG] cheese - null
[2022-02-12T00:18:31.003] [DEBUG] cheese - login => username:admin,password:123456
[2022-02-12T00:18:31.003] [DEBUG] cheese - admin
[2022-02-12T00:18:31.006] [DEBUG] cheese - null
[2022-02-12T00:18:31.007] [DEBUG] cheese - null
[2022-02-12T04:13:33.025] [DEBUG] cheese - null
[2022-02-12T11:23:52.654] [DEBUG] cheese - null
[2022-02-12T11:24:08.044] [DEBUG] cheese - null
[2022-02-13T00:00:11.769] [DEBUG] cheese - login => username:admin,password:123456
[2022-02-13T00:00:11.770] [DEBUG] cheese - admin
[2022-02-13T00:00:11.775] [DEBUG] cheese - null
[2022-02-13T00:00:11.775] [DEBUG] cheese - null
[2022-02-13T00:07:30.383] [DEBUG] cheese - login => username:admin,password:123456
[2022-02-13T00:07:30.383] [DEBUG] cheese - admin
[2022-02-13T00:07:30.385] [DEBUG] cheese - null
[2022-02-13T00:07:30.385] [DEBUG] cheese - null
[2022-02-13T00:09:21.908] [DEBUG] cheese - login => username:admin,password:123456
[2022-02-13T00:09:21.908] [DEBUG] cheese - admin
[2022-02-13T00:09:21.910] [DEBUG] cheese - null
[2022-02-13T00:09:21.910] [DEBUG] cheese - null
[2022-02-13T00:10:00.393] [DEBUG] cheese - login => username:admin,password:123456
[2022-02-13T00:10:00.393] [DEBUG] cheese - admin
[2022-02-13T00:10:00.394] [DEBUG] cheese - null
[2022-02-13T00:10:00.395] [DEBUG] cheese - null
[2022-02-13T00:11:45.567] [DEBUG] cheese - login => username:admin,password:123456
[2022-02-13T00:11:45.567] [DEBUG] cheese - admin
[2022-02-13T00:11:45.568] [DEBUG] cheese - null
[2022-02-13T00:11:45.568] [DEBUG] cheese - null
[2022-02-13T00:19:36.520] [DEBUG] cheese - login => username:admin,password:123456
[2022-02-13T00:19:36.520] [DEBUG] cheese - admin
[2022-02-13T00:19:36.522] [DEBUG] cheese - null
[2022-02-13T00:19:36.522] [DEBUG] cheese - null
[2022-02-13T01:37:45.305] [DEBUG] cheese - login => username:admin,password:123456
[2022-02-13T01:37:45.305] [DEBUG] cheese - admin
[2022-02-13T01:37:45.307] [DEBUG] cheese - null
[2022-02-13T01:37:45.307] [DEBUG] cheese - null
[2022-02-13T01:37:45.387] [DEBUG] cheese - login => username:admin,password:123456
[2022-02-13T01:37:45.387] [DEBUG] cheese - admin
[2022-02-13T01:37:45.389] [DEBUG] cheese - null
[2022-02-13T01:37:45.389] [DEBUG] cheese - null
[2022-02-13T01:38:34.495] [DEBUG] cheese - login => username:admin,password:123456
[2022-02-13T01:38:34.495] [DEBUG] cheese - admin
[2022-02-13T01:38:34.497] [DEBUG] cheese - null
[2022-02-13T01:38:34.497] [DEBUG] cheese - null
[2022-02-13T01:38:34.573] [DEBUG] cheese - login => username:admin,password:123456
[2022-02-13T01:38:34.573] [DEBUG] cheese - admin
[2022-02-13T01:38:34.574] [DEBUG] cheese - null
[2022-02-13T01:38:34.574] [DEBUG] cheese - null
[2022-02-13T01:47:36.004] [DEBUG] cheese - login => username:admin,password:123456
[2022-02-13T01:47:36.004] [DEBUG] cheese - admin
[2022-02-13T01:47:36.006] [DEBUG] cheese - null
[2022-02-13T01:47:36.006] [DEBUG] cheese - null
[2022-02-13T01:48:16.719] [DEBUG] cheese - login => username:111,password:22222222
[2022-02-13T01:48:16.719] [DEBUG] cheese - 111
[2022-02-13T01:48:16.720] [DEBUG] cheese - null
[2022-02-13T01:48:16.720] [DEBUG] cheese - null
[2022-02-13T01:51:19.502] [DEBUG] cheese - login => username:111111,password:1111111
[2022-02-13T01:51:19.503] [DEBUG] cheese - 111111
[2022-02-13T01:51:19.509] [DEBUG] cheese - null
[2022-02-13T01:51:19.510] [DEBUG] cheese - null
[2022-02-13T01:52:38.680] [DEBUG] cheese - login => username:111111,password:111111
[2022-02-13T01:52:38.680] [DEBUG] cheese - 111111
[2022-02-13T01:52:38.682] [DEBUG] cheese - null
[2022-02-13T01:52:38.683] [DEBUG] cheese - null
[2022-02-13T13:53:48.560] [DEBUG] cheese - login => username:admin,password:123456
[2022-02-13T13:53:48.561] [DEBUG] cheese - admin
[2022-02-13T13:53:48.568] [DEBUG] cheese - null
[2022-02-13T13:53:48.568] [DEBUG] cheese - null
[2022-02-13T13:53:48.736] [DEBUG] cheese - login => username:admin,password:123456
[2022-02-13T13:53:48.736] [DEBUG] cheese - admin
[2022-02-13T13:53:48.739] [DEBUG] cheese - null
[2022-02-13T13:53:48.739] [DEBUG] cheese - null
[2022-02-13T13:59:08.680] [DEBUG] cheese - login => username:admin,password:123456
[2022-02-13T13:59:08.680] [DEBUG] cheese - admin
[2022-02-13T13:59:08.684] [DEBUG] cheese - null
[2022-02-13T13:59:08.684] [DEBUG] cheese - null
[2022-02-13T14:01:22.271] [DEBUG] cheese - login => username:admin,password:123456
[2022-02-13T14:01:22.272] [DEBUG] cheese - admin
[2022-02-13T14:01:22.275] [DEBUG] cheese - null
[2022-02-13T14:01:22.275] [DEBUG] cheese - null
[2022-02-13T17:52:46.837] [DEBUG] cheese - login => username:admin,password:123456
[2022-02-13T17:52:46.841] [DEBUG] cheese - admin
[2022-02-13T17:52:46.859] [DEBUG] cheese - login => username:admin,password:123456
[2022-02-13T17:52:46.860] [DEBUG] cheese - admin
[2022-02-13T17:52:46.867] [DEBUG] cheese - login => username:admin,password:123456
[2022-02-13T17:52:46.868] [DEBUG] cheese - admin
[2022-02-13T17:52:46.873] [DEBUG] cheese - login => username:admin,password:123456
[2022-02-13T17:52:46.873] [DEBUG] cheese - admin
[2022-02-13T17:52:46.883] [DEBUG] cheese - login => username:admin,password:123456
[2022-02-13T17:52:46.883] [DEBUG] cheese - admin
[2022-02-13T17:52:46.888] [DEBUG] cheese - login => username:admin,password:123456
[2022-02-13T17:52:46.888] [DEBUG] cheese - admin
[2022-02-13T17:52:46.936] [DEBUG] cheese - null
[2022-02-13T17:52:46.937] [DEBUG] cheese - null
[2022-02-13T17:52:47.099] [DEBUG] cheese - null
[2022-02-13T17:52:47.099] [DEBUG] cheese - null
[2022-02-13T17:52:47.219] [DEBUG] cheese - null
[2022-02-13T17:52:47.219] [DEBUG] cheese - null
[2022-02-13T17:52:47.381] [DEBUG] cheese - null
[2022-02-13T17:52:47.381] [DEBUG] cheese - null
[2022-02-13T17:52:47.494] [DEBUG] cheese - null
[2022-02-13T17:52:47.494] [DEBUG] cheese - null
[2022-02-13T17:52:47.605] [DEBUG] cheese - null
[2022-02-13T17:52:47.605] [DEBUG] cheese - null
[2022-02-13T17:53:28.806] [DEBUG] cheese - login => username:admin,password:123456
[2022-02-13T17:53:28.808] [DEBUG] cheese - admin
[2022-02-13T17:53:28.822] [DEBUG] cheese - null
[2022-02-13T17:53:28.823] [DEBUG] cheese - null
[2022-02-13T17:55:02.164] [DEBUG] cheese - login => username:admin,password:123456
[2022-02-13T17:55:02.164] [DEBUG] cheese - admin
[2022-02-13T17:55:02.168] [DEBUG] cheese - null
[2022-02-13T17:55:02.168] [DEBUG] cheese - null
[2022-02-13T17:56:21.820] [DEBUG] cheese - login => username:admin,password:123456
[2022-02-13T17:56:21.820] [DEBUG] cheese - admin
[2022-02-13T17:56:21.823] [DEBUG] cheese - null
[2022-02-13T17:56:21.823] [DEBUG] cheese - null
[2022-02-13T17:57:37.691] [DEBUG] cheese - login => username:admin,password:123456
[2022-02-13T17:57:37.691] [DEBUG] cheese - admin
[2022-02-13T17:57:37.694] [DEBUG] cheese - null
[2022-02-13T17:57:37.694] [DEBUG] cheese - null
[2022-02-13T17:58:21.888] [DEBUG] cheese - login => username:admin,password:123456
[2022-02-13T17:58:21.888] [DEBUG] cheese - admin
[2022-02-13T17:58:21.892] [DEBUG] cheese - null
[2022-02-13T17:58:21.892] [DEBUG] cheese - null
[2022-02-13T18:01:50.819] [DEBUG] cheese - login => username:admin,password:123456
[2022-02-13T18:01:50.819] [DEBUG] cheese - admin
[2022-02-13T18:01:50.822] [DEBUG] cheese - null
[2022-02-13T18:01:50.822] [DEBUG] cheese - null
[2022-02-13T18:01:50.960] [DEBUG] cheese - login => username:admin,password:123456
[2022-02-13T18:01:50.960] [DEBUG] cheese - admin
[2022-02-13T18:01:50.963] [DEBUG] cheese - null
[2022-02-13T18:01:50.963] [DEBUG] cheese - null
[2022-02-13T19:07:51.144] [DEBUG] cheese - login => username:admin,password:123456
[2022-02-13T19:07:51.144] [DEBUG] cheese - admin
[2022-02-13T19:07:51.147] [DEBUG] cheese - null
[2022-02-13T19:07:51.147] [DEBUG] cheese - null
[2022-02-13T19:16:49.779] [DEBUG] cheese - login => username:admin,password:123456
[2022-02-13T19:16:49.779] [DEBUG] cheese - admin
[2022-02-13T19:16:49.781] [DEBUG] cheese - null
[2022-02-13T19:16:49.781] [DEBUG] cheese - null
[2022-02-13T19:31:04.226] [DEBUG] cheese - login => username:admin,password:123456
[2022-02-13T19:31:04.226] [DEBUG] cheese - admin
[2022-02-13T19:31:04.228] [DEBUG] cheese - null
[2022-02-13T19:31:04.228] [DEBUG] cheese - null
[2022-02-13T19:37:22.925] [DEBUG] cheese - login => username:admin,password:123456
[2022-02-13T19:37:22.926] [DEBUG] cheese - admin
[2022-02-13T19:37:22.928] [DEBUG] cheese - null
[2022-02-13T19:37:22.929] [DEBUG] cheese - null
[2022-02-13T20:30:21.373] [DEBUG] cheese - login => username:admin,password:123456
[2022-02-13T20:30:21.373] [DEBUG] cheese - admin
[2022-02-13T20:30:21.376] [DEBUG] cheese - null
[2022-02-13T20:30:21.376] [DEBUG] cheese - null
[2022-02-13T20:30:52.283] [DEBUG] cheese - login => username:admin,password:123456
[2022-02-13T20:30:52.283] [DEBUG] cheese - admin
[2022-02-13T20:30:52.285] [DEBUG] cheese - null
[2022-02-13T20:30:52.285] [DEBUG] cheese - null
[2022-02-13T21:54:59.796] [DEBUG] cheese - login => username:admin,password:123456
[2022-02-13T21:54:59.799] [DEBUG] cheese - admin
[2022-02-13T21:54:59.810] [DEBUG] cheese - null
[2022-02-13T21:54:59.811] [DEBUG] cheese - null
[2022-02-13T21:59:38.426] [DEBUG] cheese - login => username:admin,password:123456
[2022-02-13T21:59:38.426] [DEBUG] cheese - admin
[2022-02-13T21:59:38.427] [DEBUG] cheese - null
[2022-02-13T21:59:38.427] [DEBUG] cheese - null
[2022-02-13T22:17:36.440] [DEBUG] cheese - login => username:admin,password:123456
[2022-02-13T22:17:36.440] [DEBUG] cheese - admin
[2022-02-13T22:17:36.446] [DEBUG] cheese - null
[2022-02-13T22:17:36.446] [DEBUG] cheese - null
[2022-02-13T22:19:53.628] [DEBUG] cheese - login => username:admin,password:123456
[2022-02-13T22:19:53.629] [DEBUG] cheese - admin
[2022-02-13T22:19:53.631] [DEBUG] cheese - null
[2022-02-13T22:19:53.632] [DEBUG] cheese - null
[2022-02-13T22:20:30.467] [DEBUG] cheese - login => username:admin,password:123456
[2022-02-13T22:20:30.470] [DEBUG] cheese - admin
[2022-02-13T22:20:30.476] [DEBUG] cheese - null
[2022-02-13T22:20:30.477] [DEBUG] cheese - null
[2022-02-13T22:21:33.040] [DEBUG] cheese - login => username:admin,password:123456
[2022-02-13T22:21:33.041] [DEBUG] cheese - admin
[2022-02-13T22:21:33.046] [DEBUG] cheese - null
[2022-02-13T22:21:33.047] [DEBUG] cheese - null
[2022-02-13T22:43:44.108] [DEBUG] cheese - login => username:admin,password:123456
[2022-02-13T22:43:44.108] [DEBUG] cheese - admin
[2022-02-13T22:43:44.111] [DEBUG] cheese - null
[2022-02-13T22:43:44.111] [DEBUG] cheese - null
[2022-02-13T22:54:31.541] [DEBUG] cheese - login => username:admin,password:123456
[2022-02-13T22:54:31.541] [DEBUG] cheese - admin
[2022-02-13T22:54:31.544] [DEBUG] cheese - null
[2022-02-13T22:54:31.544] [DEBUG] cheese - null
[2022-02-13T22:58:21.392] [DEBUG] cheese - login => username:admin,password:123456
[2022-02-13T22:58:21.396] [DEBUG] cheese - admin
[2022-02-13T22:58:21.401] [DEBUG] cheese - null
[2022-02-13T22:58:21.402] [DEBUG] cheese - null
[2022-02-13T23:04:06.581] [DEBUG] cheese - login => username:admin,password:123456
[2022-02-13T23:04:06.582] [DEBUG] cheese - admin
[2022-02-13T23:04:06.587] [DEBUG] cheese - null
[2022-02-13T23:04:06.587] [DEBUG] cheese - null
[2022-02-13T23:05:28.148] [DEBUG] cheese - login => username:admin,password:123456
[2022-02-13T23:05:28.148] [DEBUG] cheese - admin
[2022-02-13T23:05:28.151] [DEBUG] cheese - null
[2022-02-13T23:05:28.151] [DEBUG] cheese - null
[2022-02-13T23:05:52.514] [DEBUG] cheese - login => username:admin,password:123456
[2022-02-13T23:05:52.514] [DEBUG] cheese - admin
[2022-02-13T23:05:52.516] [DEBUG] cheese - null
[2022-02-13T23:05:52.516] [DEBUG] cheese - null
[2022-02-13T23:10:04.271] [DEBUG] cheese - login => username:admin,password:123456
[2022-02-13T23:10:04.271] [DEBUG] cheese - admin
[2022-02-13T23:10:04.273] [DEBUG] cheese - null
[2022-02-13T23:10:04.273] [DEBUG] cheese - null
[2022-02-13T23:34:01.296] [DEBUG] cheese - login => username:admin,password:123456
[2022-02-13T23:34:01.296] [DEBUG] cheese - admin
[2022-02-13T23:34:01.300] [DEBUG] cheese - null
[2022-02-13T23:34:01.300] [DEBUG] cheese - null
[2022-02-13T23:43:52.013] [DEBUG] cheese - login => username:admin,password:123456
[2022-02-13T23:43:52.013] [DEBUG] cheese - admin
[2022-02-13T23:43:52.017] [DEBUG] cheese - null
[2022-02-13T23:43:52.017] [DEBUG] cheese - null
[2022-02-13T23:50:23.844] [DEBUG] cheese - login => username:admin,password:123456
[2022-02-13T23:50:23.845] [DEBUG] cheese - admin
[2022-02-13T23:50:23.850] [DEBUG] cheese - null
[2022-02-13T23:50:23.850] [DEBUG] cheese - null
[2022-02-13T23:54:26.585] [DEBUG] cheese - login => username:admin,password:123456
[2022-02-13T23:54:26.586] [DEBUG] cheese - admin
[2022-02-13T23:54:26.591] [DEBUG] cheese - null
[2022-02-13T23:54:26.591] [DEBUG] cheese - null
[2022-02-13T23:58:00.300] [DEBUG] cheese - login => username:admin,password:loading
[2022-02-13T23:58:00.300] [DEBUG] cheese - admin
[2022-02-13T23:58:00.303] [DEBUG] cheese - null
[2022-02-13T23:58:00.303] [DEBUG] cheese - null
[2022-02-13T23:58:05.380] [DEBUG] cheese - login => username:admin,password:123456
[2022-02-13T23:58:05.380] [DEBUG] cheese - admin
[2022-02-13T23:58:05.382] [DEBUG] cheese - null
[2022-02-13T23:58:05.383] [DEBUG] cheese - null
[2022-02-13T23:58:09.317] [DEBUG] cheese - login => username:admin,password:123456
[2022-02-13T23:58:09.317] [DEBUG] cheese - admin
[2022-02-13T23:58:09.322] [DEBUG] cheese - null
[2022-02-13T23:58:09.322] [DEBUG] cheese - null
[2022-02-13T23:58:52.856] [DEBUG] cheese - login => username:admin,password:123456
[2022-02-13T23:58:52.857] [DEBUG] cheese - admin
[2022-02-13T23:58:52.861] [DEBUG] cheese - null
[2022-02-13T23:58:52.861] [DEBUG] cheese - null
[2022-02-14T00:06:02.355] [DEBUG] cheese - login => username:admin,password:123456
[2022-02-14T00:06:02.355] [DEBUG] cheese - admin
[2022-02-14T00:06:02.361] [DEBUG] cheese - null
[2022-02-14T00:06:02.361] [DEBUG] cheese - null
[2022-02-14T00:07:17.385] [DEBUG] cheese - login => username:admin,password:123456
[2022-02-14T00:07:17.385] [DEBUG] cheese - admin
[2022-02-14T00:07:17.388] [DEBUG] cheese - null
[2022-02-14T00:07:17.388] [DEBUG] cheese - null
[2022-02-14T00:07:22.024] [DEBUG] cheese - login => username:admin,password:123456
[2022-02-14T00:07:22.025] [DEBUG] cheese - admin
[2022-02-14T00:07:22.027] [DEBUG] cheese - null
[2022-02-14T00:07:22.027] [DEBUG] cheese - null
[2022-02-14T02:21:19.830] [DEBUG] cheese - login => username:admin,password:123456
[2022-02-14T02:21:19.830] [DEBUG] cheese - admin
[2022-02-14T02:21:19.837] [DEBUG] cheese - null
[2022-02-14T02:21:19.837] [DEBUG] cheese - null
[2022-02-14T02:24:29.749] [DEBUG] cheese - login => username:admin,password:123456
[2022-02-14T02:24:29.749] [DEBUG] cheese - admin
[2022-02-14T02:24:29.753] [DEBUG] cheese - null
[2022-02-14T02:24:29.754] [DEBUG] cheese - null
[2022-02-14T02:34:34.214] [DEBUG] cheese - login => username:admin,password:123456
[2022-02-14T02:34:34.214] [DEBUG] cheese - admin
[2022-02-14T02:34:34.217] [DEBUG] cheese - null
[2022-02-14T02:34:34.218] [DEBUG] cheese - null
[2022-02-14T03:09:03.128] [DEBUG] cheese - login => username:admin,password:123456
[2022-02-14T03:09:03.128] [DEBUG] cheese - admin
[2022-02-14T03:09:03.136] [DEBUG] cheese - null
[2022-02-14T03:09:03.137] [DEBUG] cheese - null
[2022-02-14T13:15:01.127] [DEBUG] cheese - login => username:admin,password:123456
[2022-02-14T13:15:01.127] [DEBUG] cheese - admin
[2022-02-14T13:15:01.132] [DEBUG] cheese - null
[2022-02-14T13:15:01.132] [DEBUG] cheese - null
[2022-02-14T13:15:19.512] [DEBUG] cheese - login => username:admin,password:123456
[2022-02-14T13:15:19.512] [DEBUG] cheese - admin
[2022-02-14T13:15:19.514] [DEBUG] cheese - null
[2022-02-14T13:15:19.514] [DEBUG] cheese - null
[2022-02-14T13:15:22.747] [DEBUG] cheese - login => username:admin,password:123456
[2022-02-14T13:15:22.747] [DEBUG] cheese - admin
[2022-02-14T13:15:22.748] [DEBUG] cheese - null
[2022-02-14T13:15:22.748] [DEBUG] cheese - null
